<?xml version="1.0" encoding="UTF-8"?>
<!-- Generated by org.testng.reporters.JUnitXMLReporter -->
<testsuite ignored="0" hostname="DESKTOP-4MK9F1J" failures="1" tests="3" name="Test" time="0.117" errors="0" timestamp="2021-12-16T23:04:18 IST">
  <testcase classname="testNg_Basic_Program.Methods_Intro" name="method2" time="0.019">
    <failure type="java.lang.AssertionError" message="expected [true] but found [false]">
      <![CDATA[java.lang.AssertionError: expected [true] but found [false]
at testNg_Basic_Program.Methods_Intro.method2(Methods_Intro.java:24)
at java.base/java.util.ArrayList.forEach(ArrayList.java:1511)
... Removed 33 stack frames]]>
    </failure>
  </testcase> <!-- method2 -->
  <testcase classname="testNg_Basic_Program.Methods_Intro" name="method1" time="0.004"/>
  <testcase classname="testNg_Basic_Program.Methods_Intro" name="method3" time="0.003"/>
</testsuite> <!-- Test -->
